2015/10/27 12:45:34 [error] [exception.CDbException] exception 'CDbException' with message 'CDbConnection failed to open the DB connection: SQLSTATE[HY000] [1045] Access denied for user 'root'@'localhost' (using password: NO)' in /home/anthony/Workspace/yii-1.1.16.bca042/framework/db/CDbConnection.php:399
Stack trace:
#0 /home/anthony/Workspace/yii-1.1.16.bca042/framework/db/CDbConnection.php(347): CDbConnection->open()
#1 /home/anthony/Workspace/yii-1.1.16.bca042/framework/db/CDbConnection.php(325): CDbConnection->setActive(true)
#2 /home/anthony/Workspace/yii-1.1.16.bca042/framework/base/CModule.php(394): CDbConnection->init()
#3 /home/anthony/Workspace/yii-1.1.16.bca042/framework/base/CModule.php(103): CModule->getComponent('db')
#4 /home/anthony/Workspace/yii-1.1.16.bca042/framework/gii/generators/model/ModelCode.php(60): CModule->__get('db')
#5 /home/anthony/Workspace/yii-1.1.16.bca042/framework/web/CFormModel.php(39): ModelCode->init()
#6 /home/anthony/Workspace/yii-1.1.16.bca042/framework/gii/CCodeGenerator.php(153): CFormModel->__construct()
#7 /home/anthony/Workspace/yii-1.1.16.bca042/framework/gii/CCodeGenerator.php(63): CCodeGenerator->prepare()
#8 /home/anthony/Workspace/yii-1.1.16.bca042/framework/web/actions/CInlineAction.php(49): CCodeGenerator->actionIndex()
#9 /home/anthony/Workspace/yii-1.1.16.bca042/framework/web/CController.php(308): CInlineAction->runWithParams(Array)
#10 /home/anthony/Workspace/yii-1.1.16.bca042/framework/web/CController.php(286): CController->runAction(Object(CInlineAction))
#11 /home/anthony/Workspace/yii-1.1.16.bca042/framework/web/CController.php(265): CController->runActionWithFilters(Object(CInlineAction), Array)
#12 /home/anthony/Workspace/yii-1.1.16.bca042/framework/web/CWebApplication.php(282): CController->run('index')
#13 /home/anthony/Workspace/yii-1.1.16.bca042/framework/web/CWebApplication.php(141): CWebApplication->runController('gii/model/index')
#14 /home/anthony/Workspace/yii-1.1.16.bca042/framework/base/CApplication.php(184): CWebApplication->processRequest()
#15 /home/anthony/Workspace/intro-to-yii/index.php(13): CApplication->run()
#16 {main}
REQUEST_URI=/web/intro-to-yii/index.php/gii/model/index
HTTP_REFERER=http://127.0.0.1/web/intro-to-yii/index.php/gii
---
2015/10/27 12:45:52 [error] [exception.CDbException] exception 'CDbException' with message 'CDbConnection failed to open the DB connection: SQLSTATE[HY000] [1045] Access denied for user 'root'@'localhost' (using password: NO)' in /home/anthony/Workspace/yii-1.1.16.bca042/framework/db/CDbConnection.php:399
Stack trace:
#0 /home/anthony/Workspace/yii-1.1.16.bca042/framework/db/CDbConnection.php(347): CDbConnection->open()
#1 /home/anthony/Workspace/yii-1.1.16.bca042/framework/db/CDbConnection.php(325): CDbConnection->setActive(true)
#2 /home/anthony/Workspace/yii-1.1.16.bca042/framework/base/CModule.php(394): CDbConnection->init()
#3 /home/anthony/Workspace/yii-1.1.16.bca042/framework/base/CModule.php(103): CModule->getComponent('db')
#4 /home/anthony/Workspace/yii-1.1.16.bca042/framework/gii/generators/model/ModelCode.php(60): CModule->__get('db')
#5 /home/anthony/Workspace/yii-1.1.16.bca042/framework/web/CFormModel.php(39): ModelCode->init()
#6 /home/anthony/Workspace/yii-1.1.16.bca042/framework/gii/CCodeGenerator.php(153): CFormModel->__construct()
#7 /home/anthony/Workspace/yii-1.1.16.bca042/framework/gii/CCodeGenerator.php(63): CCodeGenerator->prepare()
#8 /home/anthony/Workspace/yii-1.1.16.bca042/framework/web/actions/CInlineAction.php(49): CCodeGenerator->actionIndex()
#9 /home/anthony/Workspace/yii-1.1.16.bca042/framework/web/CController.php(308): CInlineAction->runWithParams(Array)
#10 /home/anthony/Workspace/yii-1.1.16.bca042/framework/web/CController.php(286): CController->runAction(Object(CInlineAction))
#11 /home/anthony/Workspace/yii-1.1.16.bca042/framework/web/CController.php(265): CController->runActionWithFilters(Object(CInlineAction), Array)
#12 /home/anthony/Workspace/yii-1.1.16.bca042/framework/web/CWebApplication.php(282): CController->run('index')
#13 /home/anthony/Workspace/yii-1.1.16.bca042/framework/web/CWebApplication.php(141): CWebApplication->runController('gii/model/index')
#14 /home/anthony/Workspace/yii-1.1.16.bca042/framework/base/CApplication.php(184): CWebApplication->processRequest()
#15 /home/anthony/Workspace/intro-to-yii/index.php(13): CApplication->run()
#16 {main}
REQUEST_URI=/web/intro-to-yii/index.php/gii/model/index
HTTP_REFERER=http://127.0.0.1/web/intro-to-yii/index.php/gii
---
